<?xml version="1.0" encoding="UTF-8"?>
<testsuite name="me.dio.santander.domain.bankbranch.BankBranchTest" tests="2" skipped="0" failures="0" errors="0" timestamp="2022-06-18T16:31:43" hostname="THIAGO" time="0.022">
  <properties/>
  <testcase name="givenAValidParams_whenCallUpdate_thenReturnABankBranchUpdated()" classname="me.dio.santander.domain.bankbranch.BankBranchTest" time="0.02"/>
  <testcase name="givenAValidParams_whenCallOf_thenReturnABankBranchCreated()" classname="me.dio.santander.domain.bankbranch.BankBranchTest" time="0.001"/>
  <system-out><![CDATA[]]></system-out>
  <system-err><![CDATA[]]></system-err>
</testsuite>
