<?xml version="1.0" encoding="UTF-8"?>
<testsuite name="me.dio.santander.domain.bankbranch.BankBranchTest" tests="2" skipped="0" failures="0" errors="0" timestamp="2022-06-18T16:52:58" hostname="THIAGO" time="0.026">
  <properties/>
  <testcase name="givenAValidParams_whenCallUpdate_thenReturnABankBranchUpdated()" classname="me.dio.santander.domain.bankbranch.BankBranchTest" time="0.023"/>
  <testcase name="givenAValidParams_whenCallOf_thenReturnABankBranchCreated()" classname="me.dio.santander.domain.bankbranch.BankBranchTest" time="0.002"/>
  <system-out><![CDATA[]]></system-out>
  <system-err><![CDATA[]]></system-err>
</testsuite>
