<?xml version="1.0" encoding="UTF-8"?>
<testsuite name="me.dio.santander.domain.customer.CustomerTest" tests="3" skipped="0" failures="0" errors="0" timestamp="2022-06-18T16:52:58" hostname="THIAGO" time="0.007">
  <properties/>
  <testcase name="givenAInvalidNameNull_whenCreateACustomer_thenThrowIllegalArgumentException()" classname="me.dio.santander.domain.customer.CustomerTest" time="0.004"/>
  <testcase name="givenAValidParams_whenCreateACustomer_thenReturnACustomerCreated()" classname="me.dio.santander.domain.customer.CustomerTest" time="0.001"/>
  <testcase name="givenAInvalidNameEmpty_whenCreateACustomer_thenThrowIllegalArgumentException()" classname="me.dio.santander.domain.customer.CustomerTest" time="0.001"/>
  <system-out><![CDATA[]]></system-out>
  <system-err><![CDATA[]]></system-err>
</testsuite>
